<?xml version="1.0" encoding="UTF-8"?>
<!-- Generated by org.testng.reporters.JUnitReportReporter -->
<testsuite skipped="0" hostname="DESKTOP-76OOONA" name="com.generic.DataPool3" tests="1" failures="0" timestamp="30 Apr 2019 17:37:23 GMT" time="0.106" errors="0">
  <testcase name="loadTestData" time="0.106" classname="com.generic.DataPool3"/>
</testsuite> <!-- com.generic.DataPool3 -->
