<?xml version="1.0" encoding="UTF-8"?>
<!-- Generated by org.testng.reporters.JUnitReportReporter -->
<testsuite skipped="0" hostname="DESKTOP-76OOONA" name="com.ProjectName1.AppTest" tests="1" failures="0" timestamp="08 May 2019 16:02:59 GMT" time="0.492" errors="0">
  <testcase name="test1" time="0.492" classname="com.ProjectName1.AppTest"/>
</testsuite> <!-- com.ProjectName1.AppTest -->
