<?xml version="1.0" encoding="UTF-8"?>
<!-- Generated by org.testng.reporters.JUnitReportReporter -->
<testsuite skipped="0" hostname="Swanonl-PC" name="test.OvenStoreTest" tests="1" failures="0" timestamp="25 Nov 2019 06:05:07 GMT" time="5.607" errors="0">
  <testcase name="TC_001" time="5.607" classname="test.OvenStoreTest"/>
</testsuite> <!-- test.OvenStoreTest -->
