<?xml version="1.0" encoding="UTF-8"?>
<!-- Generated by org.testng.reporters.JUnitReportReporter -->
<testsuite skipped="0" hostname="Swanonl-PC" name="com.test.HomeTest" tests="1" failures="0" timestamp="19 Aug 2019 18:08:56 GMT" time="2.425" errors="0">
  <testcase name="test1" time="2.425" classname="com.test.HomeTest"/>
</testsuite> <!-- com.test.HomeTest -->
