<?xml version="1.0" encoding="UTF-8"?>
<!-- Generated by org.testng.reporters.JUnitReportReporter -->
<testsuite skipped="0" hostname="Swanonl-PC" name="ABC.PQR.WindowHandleConcept" tests="1" failures="0" timestamp="02 Nov 2019 12:26:45 GMT" time="12.944" errors="0">
  <testcase name="switchToWindow" time="12.944" classname="ABC.PQR.WindowHandleConcept"/>
</testsuite> <!-- ABC.PQR.WindowHandleConcept -->
