<?xml version="1.0" encoding="UTF-8"?>
<!-- Generated by org.testng.reporters.JUnitReportReporter -->
<testsuite skipped="0" hostname="Swanonl-PC" name="objectrepository.prc1" tests="1" failures="0" timestamp="16 Sep 2018 06:11:38 GMT" time="10.177" errors="0">
  <testcase name="Testcase1" time="10.177" classname="objectrepository.prc1"/>
</testsuite> <!-- objectrepository.prc1 -->
