<?xml version="1.0" encoding="UTF-8"?>
<!-- Generated by org.testng.reporters.JUnitReportReporter -->
<testsuite skipped="0" hostname="Swanonl-PC" name="com.qa.test.OlaLoginTest" tests="1" failures="0" timestamp="06 Dec 2019 19:53:59 GMT" time="76.642" errors="0">
  <testcase name="TC_001" time="76.642" classname="com.qa.test.OlaLoginTest"/>
</testsuite> <!-- com.qa.test.OlaLoginTest -->
