<?xml version="1.0" encoding="UTF-8"?>
<!-- Generated by org.testng.reporters.JUnitReportReporter -->
<testsuite skipped="0" hostname="Swanonl-PC" name="com.page.HomePage" tests="1" failures="0" timestamp="03 Nov 2019 14:35:04 GMT" time="48.741" errors="0">
  <testcase name="navigateToHomePage" time="48.741" classname="com.page.HomePage"/>
</testsuite> <!-- com.page.HomePage -->
